<?xml version="1.0" encoding="UTF-8"?>
<!-- Generated by org.testng.reporters.JUnitXMLReporter -->
<testsuite ignored="0" hostname="knoldus-Latitude-3520" failures="0" tests="4" name="Surefire test" time="25.734" errors="0" timestamp="2021-12-14T13:57:34 IST">
  <testcase classname="DDTF.WordPressLogin" name="loginToWordPress" time="6.847"/>
  <testcase classname="DDTF.WordPressLogin" name="loginToWordPress" time="6.192"/>
  <testcase classname="DDTF.WordPressLogin" name="loginToWordPress" time="6.135"/>
  <testcase classname="DDTF.WordPressLogin" name="loginToWordPress" time="5.92"/>
</testsuite> <!-- Surefire test -->
