<?xml version="1.0" encoding="UTF-8"?>
<testsuite xmlns:xsi="http://www.w3.org/2001/XMLSchema-instance" xsi:noNamespaceSchemaLocation="https://maven.apache.org/surefire/maven-surefire-plugin/xsd/surefire-test-report.xsd" name="DDTF.WordPressLogin" time="25.927" tests="4" errors="0" skipped="0" failures="0">
  <properties>
[...]
</properties>
  <testcase name="loginToWordPress" classname="DDTF.WordPressLogin" time="6.848"/>
  <testcase name="loginToWordPress" classname="DDTF.WordPressLogin" time="6.193"/>
  <testcase name="loginToWordPress" classname="DDTF.WordPressLogin" time="6.135"/>
  <testcase name="loginToWordPress" classname="DDTF.WordPressLogin" time="5.919"/>
</testsuite>