<?xml version="1.0" encoding="UTF-8"?>
<testng-results ignored="0" total="4" passed="4" failed="0" skipped="0">
  <reporter-output>
  </reporter-output>
  <suite started-at="2021-12-14T13:57:09 IST" name="Surefire suite" finished-at="2021-12-14T13:57:34 IST" duration-ms="25734">
    <groups>
    </groups>
    <test started-at="2021-12-14T13:57:09 IST" name="Surefire test" finished-at="2021-12-14T13:57:34 IST" duration-ms="25734">
      <class name="DDTF.WordPressLogin">
        <test-method signature="loginToWordPress(java.lang.String,java.lang.String)[pri:0, instance:DDTF.WordPressLogin@77a57272]" started-at="2021-12-14T13:57:09 IST" name="loginToWordPress" data-provider="wordpressData" finished-at="2021-12-14T13:57:16 IST" duration-ms="6847" status="PASS">
          <params>
            <param index="0">
              <value>
                <![CDATA[sujeet@gmail.com]]>
              </value>
            </param>
            <param index="1">
              <value>
                <![CDATA[1234.0]]>
              </value>
            </param>
          </params>
          <reporter-output>
          </reporter-output>
        </test-method> <!-- loginToWordPress -->
        <test-method is-config="true" signature="tearDown()[pri:0, instance:DDTF.WordPressLogin@77a57272]" started-at="2021-12-14T13:57:16 IST" name="tearDown" finished-at="2021-12-14T13:57:16 IST" duration-ms="68" status="PASS">
          <reporter-output>
          </reporter-output>
        </test-method> <!-- tearDown -->
        <test-method signature="loginToWordPress(java.lang.String,java.lang.String)[pri:0, instance:DDTF.WordPressLogin@77a57272]" started-at="2021-12-14T13:57:16 IST" name="loginToWordPress" data-provider="wordpressData" finished-at="2021-12-14T13:57:22 IST" duration-ms="6192" status="PASS">
          <params>
            <param index="0">
              <value>
                <![CDATA[sujeetondemand@gmail.com]]>
              </value>
            </param>
            <param index="1">
              <value>
                <![CDATA[sjt@1234]]>
              </value>
            </param>
          </params>
          <reporter-output>
          </reporter-output>
        </test-method> <!-- loginToWordPress -->
        <test-method is-config="true" signature="tearDown()[pri:0, instance:DDTF.WordPressLogin@77a57272]" started-at="2021-12-14T13:57:22 IST" name="tearDown" finished-at="2021-12-14T13:57:22 IST" duration-ms="69" status="PASS">
          <reporter-output>
          </reporter-output>
        </test-method> <!-- tearDown -->
        <test-method signature="loginToWordPress(java.lang.String,java.lang.String)[pri:0, instance:DDTF.WordPressLogin@77a57272]" started-at="2021-12-14T13:57:22 IST" name="loginToWordPress" data-provider="wordpressData" finished-at="2021-12-14T13:57:28 IST" duration-ms="6135" status="PASS">
          <params>
            <param index="0">
              <value>
                <![CDATA[srivastavasujeetgmail,com]]>
              </value>
            </param>
            <param index="1">
              <value>
                <![CDATA[abcdefgh]]>
              </value>
            </param>
          </params>
          <reporter-output>
          </reporter-output>
        </test-method> <!-- loginToWordPress -->
        <test-method is-config="true" signature="tearDown()[pri:0, instance:DDTF.WordPressLogin@77a57272]" started-at="2021-12-14T13:57:28 IST" name="tearDown" finished-at="2021-12-14T13:57:28 IST" duration-ms="70" status="PASS">
          <reporter-output>
          </reporter-output>
        </test-method> <!-- tearDown -->
        <test-method signature="loginToWordPress(java.lang.String,java.lang.String)[pri:0, instance:DDTF.WordPressLogin@77a57272]" started-at="2021-12-14T13:57:28 IST" name="loginToWordPress" data-provider="wordpressData" finished-at="2021-12-14T13:57:34 IST" duration-ms="5920" status="PASS">
          <params>
            <param index="0">
              <value>
                <![CDATA[shrivastavajeetyahho.com]]>
              </value>
            </param>
            <param index="1">
              <value>
                <![CDATA[1112223.0]]>
              </value>
            </param>
          </params>
          <reporter-output>
          </reporter-output>
        </test-method> <!-- loginToWordPress -->
        <test-method is-config="true" signature="tearDown()[pri:0, instance:DDTF.WordPressLogin@77a57272]" started-at="2021-12-14T13:57:34 IST" name="tearDown" finished-at="2021-12-14T13:57:34 IST" duration-ms="73" status="PASS">
          <reporter-output>
          </reporter-output>
        </test-method> <!-- tearDown -->
      </class> <!-- DDTF.WordPressLogin -->
    </test> <!-- Surefire test -->
  </suite> <!-- Surefire suite -->
</testng-results>
